<?xml version="1.0" encoding="UTF-8"?>
<testng-results ignored="0" total="1" passed="1" failed="0" skipped="0">
  <reporter-output>
  </reporter-output>
  <suite started-at="2023-01-19T15:40:40 IST" name="Default suite" finished-at="2023-01-19T15:41:09 IST" duration-ms="29522">
    <groups>
    </groups>
    <test started-at="2023-01-19T15:40:40 IST" name="Default test" finished-at="2023-01-19T15:41:09 IST" duration-ms="29522">
      <class name="scripts.TestCase1">
        <test-method is-config="true" signature="openApp()[pri:0, instance:scripts.TestCase1@29d89d5d]" started-at="2023-01-19T15:40:40 IST" name="openApp" finished-at="2023-01-19T15:40:44 IST" duration-ms="4075" status="PASS">
          <reporter-output>
          </reporter-output>
        </test-method> <!-- openApp -->
        <test-method signature="testCase1()[pri:0, instance:scripts.TestCase1@29d89d5d]" started-at="2023-01-19T15:40:44 IST" name="testCase1" finished-at="2023-01-19T15:41:09 IST" duration-ms="25188" status="PASS">
          <reporter-output>
          </reporter-output>
        </test-method> <!-- testCase1 -->
        <test-method is-config="true" signature="closeApp()[pri:0, instance:scripts.TestCase1@29d89d5d]" started-at="2023-01-19T15:41:09 IST" name="closeApp" finished-at="2023-01-19T15:41:09 IST" duration-ms="216" status="PASS">
          <reporter-output>
          </reporter-output>
        </test-method> <!-- closeApp -->
      </class> <!-- scripts.TestCase1 -->
    </test> <!-- Default test -->
  </suite> <!-- Default suite -->
</testng-results>
