<?xml version="1.0" encoding="UTF-8"?>
<testng-results ignored="0" total="3" passed="3" failed="0" skipped="0">
  <reporter-output>
  </reporter-output>
  <suite started-at="2023-01-19T16:32:38 IST" name="Suite" finished-at="2023-01-19T16:33:33 IST" duration-ms="55561">
    <groups>
    </groups>
    <test started-at="2023-01-19T16:32:38 IST" name="Test" finished-at="2023-01-19T16:33:33 IST" duration-ms="55561">
      <class name="scripts.TestCase1">
        <test-method is-config="true" signature="openApp()[pri:0, instance:scripts.TestCase1@793be5ca]" started-at="2023-01-19T16:32:38 IST" name="openApp" finished-at="2023-01-19T16:32:41 IST" duration-ms="3503" status="PASS">
          <reporter-output>
          </reporter-output>
        </test-method> <!-- openApp -->
        <test-method signature="testCase1()[pri:0, instance:scripts.TestCase1@793be5ca]" started-at="2023-01-19T16:32:41 IST" name="testCase1" finished-at="2023-01-19T16:33:06 IST" duration-ms="25075" status="PASS">
          <reporter-output>
          </reporter-output>
        </test-method> <!-- testCase1 -->
        <test-method is-config="true" signature="closeApp()[pri:0, instance:scripts.TestCase1@793be5ca]" started-at="2023-01-19T16:33:06 IST" name="closeApp" finished-at="2023-01-19T16:33:07 IST" duration-ms="200" status="PASS">
          <reporter-output>
          </reporter-output>
        </test-method> <!-- closeApp -->
      </class> <!-- scripts.TestCase1 -->
      <class name="scripts.TestCase2">
        <test-method is-config="true" signature="openApp()[pri:0, instance:scripts.TestCase2@169e6180]" started-at="2023-01-19T16:33:07 IST" name="openApp" finished-at="2023-01-19T16:33:09 IST" duration-ms="2028" status="PASS">
          <reporter-output>
          </reporter-output>
        </test-method> <!-- openApp -->
        <test-method signature="testCase2()[pri:0, instance:scripts.TestCase2@169e6180]" started-at="2023-01-19T16:33:09 IST" name="testCase2" finished-at="2023-01-19T16:33:20 IST" duration-ms="11466" status="PASS">
          <reporter-output>
          </reporter-output>
        </test-method> <!-- testCase2 -->
        <test-method is-config="true" signature="closeApp()[pri:0, instance:scripts.TestCase2@169e6180]" started-at="2023-01-19T16:33:20 IST" name="closeApp" finished-at="2023-01-19T16:33:20 IST" duration-ms="206" status="PASS">
          <reporter-output>
          </reporter-output>
        </test-method> <!-- closeApp -->
      </class> <!-- scripts.TestCase2 -->
      <class name="scripts.TestCase3">
        <test-method is-config="true" signature="openApp()[pri:0, instance:scripts.TestCase3@35aea049]" started-at="2023-01-19T16:33:20 IST" name="openApp" finished-at="2023-01-19T16:33:23 IST" duration-ms="2618" status="PASS">
          <reporter-output>
          </reporter-output>
        </test-method> <!-- openApp -->
        <test-method signature="testCase3()[pri:0, instance:scripts.TestCase3@35aea049]" started-at="2023-01-19T16:33:23 IST" name="testCase3" finished-at="2023-01-19T16:33:33 IST" duration-ms="10232" status="PASS">
          <reporter-output>
          </reporter-output>
        </test-method> <!-- testCase3 -->
        <test-method is-config="true" signature="closeApp()[pri:0, instance:scripts.TestCase3@35aea049]" started-at="2023-01-19T16:33:33 IST" name="closeApp" finished-at="2023-01-19T16:33:33 IST" duration-ms="185" status="PASS">
          <reporter-output>
          </reporter-output>
        </test-method> <!-- closeApp -->
      </class> <!-- scripts.TestCase3 -->
    </test> <!-- Test -->
  </suite> <!-- Suite -->
</testng-results>
